TN:
SF:src\index.ts
FN:1,(empty-report)
FNF:1
FNH:0
FNDA:0,(empty-report)
DA:1,0
DA:5,0
DA:6,0
DA:7,0
DA:8,0
DA:9,0
DA:10,0
DA:11,0
LF:8
LH:0
BRDA:1,0,0,0
BRF:1
BRH:0
end_of_record
TN:
SF:src\budget\tokenBudget.ts
FN:1,(empty-report)
FNF:1
FNH:1
FNDA:1,(empty-report)
DA:3,0
DA:4,0
DA:5,0
DA:6,0
DA:7,0
DA:8,0
DA:9,0
DA:10,0
DA:11,0
DA:12,0
DA:13,0
DA:14,0
DA:15,0
DA:16,0
DA:17,0
DA:18,0
DA:19,0
LF:17
LH:0
BRDA:1,0,0,1
BRF:1
BRH:1
end_of_record
TN:
SF:src\config\index.ts
FN:12,loadConfig
FN:28,resolveSecret
FNF:2
FNH:1
FNDA:2,loadConfig
FNDA:0,resolveSecret
DA:1,1
DA:4,1
DA:5,1
DA:6,1
DA:7,1
DA:8,1
DA:12,1
DA:13,2
DA:14,2
DA:15,2
DA:16,2
DA:17,2
DA:18,2
DA:19,2
DA:20,2
DA:28,0
DA:29,0
DA:31,0
DA:33,0
DA:34,0
DA:35,0
DA:36,0
DA:37,0
DA:38,0
DA:40,0
DA:41,0
DA:42,0
LF:27
LH:15
BRDA:5,0,0,0
BRDA:12,1,0,2
BRF:2
BRH:1
end_of_record
TN:
SF:src\logging\logger.ts
FN:13,createLogger
FN:23,logMethod
FNF:2
FNH:1
FNDA:1,createLogger
FNDA:0,logMethod
DA:1,1
DA:13,1
DA:14,1
DA:15,1
DA:16,1
DA:17,1
DA:18,1
DA:19,1
DA:20,1
DA:21,1
DA:22,1
DA:23,1
DA:24,0
DA:25,0
DA:26,0
DA:27,0
DA:28,0
DA:29,0
DA:30,0
DA:31,1
DA:32,1
DA:34,1
DA:35,1
LF:23
LH:16
BRDA:13,0,0,1
BRDA:15,1,0,0
BRDA:15,2,0,0
BRDA:18,3,0,0
BRDA:18,4,0,0
BRDA:19,5,0,0
BRF:6
BRH:1
end_of_record
TN:
SF:src\otel\context.ts
FN:7,getTraceContext
FNF:1
FNH:0
FNDA:0,getTraceContext
DA:1,1
DA:7,1
DA:8,0
DA:9,0
DA:10,0
DA:11,0
DA:12,0
DA:13,0
DA:14,0
DA:15,0
DA:16,0
LF:11
LH:2
BRF:0
BRH:0
end_of_record
TN:
SF:src\retry\backoff.ts
FN:17,expoDelay
FN:31,linearDelay
FNF:2
FNH:1
FNDA:4,expoDelay
FNDA:0,linearDelay
DA:17,1
DA:18,4
DA:19,4
DA:20,4
DA:21,4
DA:22,4
DA:23,0
DA:24,0
DA:25,4
DA:26,4
DA:31,1
DA:32,0
DA:33,0
DA:34,0
LF:14
LH:9
BRDA:17,0,0,4
BRDA:18,1,0,0
BRDA:20,2,0,0
BRDA:22,3,0,0
BRDA:22,4,0,0
BRF:5
BRH:1
end_of_record
TN:
SF:src\retry\circuitBreaker.ts
FN:15,CircuitBreaker
FN:17,exec
FN:53,open
FN:58,close
FN:64,resetCounts
FNF:5
FNH:3
FNDA:1,CircuitBreaker
FNDA:3,exec
FNDA:1,open
FNDA:0,close
FNDA:0,resetCounts
DA:9,1
DA:10,1
DA:11,1
DA:12,1
DA:13,1
DA:15,1
DA:17,1
DA:18,3
DA:19,3
DA:20,3
DA:21,3
DA:23,3
DA:24,1
DA:25,0
DA:26,0
DA:27,0
DA:28,1
DA:29,1
DA:30,1
DA:31,1
DA:33,2
DA:34,2
DA:35,0
DA:36,0
DA:37,0
DA:38,0
DA:39,0
DA:40,0
DA:41,0
DA:42,0
DA:43,0
DA:44,3
DA:45,2
DA:46,2
DA:47,1
DA:48,1
DA:49,2
DA:50,2
DA:51,3
DA:53,1
DA:54,1
DA:55,1
DA:56,1
DA:58,1
DA:59,0
DA:60,0
DA:61,0
DA:62,0
DA:64,1
DA:65,0
DA:66,0
DA:67,0
DA:68,1
LF:53
LH:34
BRDA:15,0,0,1
BRDA:17,1,0,3
BRDA:19,2,0,0
BRDA:21,3,0,0
BRDA:23,4,0,1
BRDA:24,5,0,0
BRDA:31,6,0,2
BRDA:34,7,0,0
BRDA:44,8,0,2
BRDA:46,9,0,1
BRDA:53,10,0,1
BRF:11
BRH:7
end_of_record
TN:
SF:src\retry\retry.ts
FN:10,retry
FN:31,runWithTimeout
FN:76,sleep
FN:80,signal.addEventListener.once
FNF:4
FNH:3
FNDA:2,retry
FNDA:6,runWithTimeout
FNDA:4,sleep
FNDA:0,signal.addEventListener.once
DA:1,1
DA:10,2
DA:11,2
DA:12,2
DA:14,2
DA:15,2
DA:16,6
DA:17,6
DA:18,1
DA:19,6
DA:20,5
DA:21,5
DA:22,1
DA:23,1
DA:24,4
DA:25,4
DA:26,4
DA:27,4
DA:28,6
DA:29,2
DA:31,6
DA:32,6
DA:34,0
DA:35,0
DA:37,0
DA:38,0
DA:39,0
DA:40,0
DA:41,0
DA:43,0
DA:44,0
DA:45,0
DA:46,0
DA:47,0
DA:48,0
DA:49,0
DA:50,0
DA:52,0
DA:53,0
DA:54,0
DA:55,0
DA:57,0
DA:58,0
DA:59,0
DA:60,0
DA:61,0
DA:62,0
DA:63,0
DA:64,0
DA:65,0
DA:66,0
DA:67,0
DA:68,0
DA:69,0
DA:70,0
DA:71,0
DA:72,0
DA:73,0
DA:74,0
DA:76,4
DA:77,4
DA:78,4
DA:79,4
DA:80,4
DA:81,0
DA:82,0
DA:83,4
DA:84,4
DA:85,4
LF:69
LH:30
BRDA:10,0,0,2
BRDA:11,1,0,0
BRDA:15,2,0,6
BRDA:17,3,0,1
BRDA:19,4,0,5
BRDA:21,5,0,4
BRDA:21,6,0,0
BRDA:21,7,0,1
BRDA:23,8,0,4
BRDA:12,9,0,5
BRDA:31,10,0,6
BRDA:32,11,0,0
BRDA:76,12,0,4
BRDA:77,13,0,4
BRDA:78,14,0,0
BRDA:78,15,0,0
BRDA:80,16,0,0
BRDA:79,17,0,4
BRF:18
BRH:12
end_of_record
